Using pre-set license
Built from '2020.3/staging' branch; Version is '2020.3.3f1 (76626098c1c4) revision 7758432'; Using compiler version '192528614'; Build Type 'Release'
OS: 'Windows 10 Enterprise 2016 LTSB; OS build 14393.4402; Version 1607; 64bit' Language: 'ru' Physical Memory: 16365 MB
BatchMode: 1, IsHumanControllingUs: 0, StartBugReporterOnCrash: 0, Is64bit: 1, IsPro: 0

 COMMAND LINE ARGUMENTS:
C:\Program Files\Unity\Hub\Editor\2020.3.3f1\Editor\Unity.exe
-adb2
-batchMode
-noUpm
-name
AssetImportWorker0
-projectPath
P:/Unity_Asset/ijunior_baseLevel/06_RespaunEnemy/06_RespaunEnemy
-logFile
Logs/AssetImportWorker0.log
-srvPort
54647
Successfully changed project path to: P:/Unity_Asset/ijunior_baseLevel/06_RespaunEnemy/06_RespaunEnemy
P:/Unity_Asset/ijunior_baseLevel/06_RespaunEnemy/06_RespaunEnemy
Using Asset Import Pipeline V2.
Refreshing native plugins compatible for Editor in 55.30 ms, found 1 plugins.
Preloading 0 native plugins for Editor in 0.00 ms.
Initialize engine version: 2020.3.3f1 (76626098c1c4)
[Subsystems] Discovering subsystems at path C:/Program Files/Unity/Hub/Editor/2020.3.3f1/Editor/Data/Resources/UnitySubsystems
[Subsystems] Discovering subsystems at path P:/Unity_Asset/ijunior_baseLevel/06_RespaunEnemy/06_RespaunEnemy/Assets
GfxDevice: creating device client; threaded=0
Direct3D:
    Version:  Direct3D 11.0 [level 11.1]
    Renderer: NVIDIA GeForce GTX 1070 (ID=0x1b81)
    Vendor:   
    VRAM:     8092 MB
    Driver:   27.21.14.6627
Initialize mono
Mono path[0] = 'C:/Program Files/Unity/Hub/Editor/2020.3.3f1/Editor/Data/Managed'
Mono path[1] = 'C:/Program Files/Unity/Hub/Editor/2020.3.3f1/Editor/Data/MonoBleedingEdge/lib/mono/unityjit'
Mono config path = 'C:/Program Files/Unity/Hub/Editor/2020.3.3f1/Editor/Data/MonoBleedingEdge/etc'
Using monoOptions --debugger-agent=transport=dt_socket,embedding=1,server=y,suspend=n,address=127.0.0.1:56460
Begin MonoManager ReloadAssembly
Registering precompiled unity dll's ...
Register platform support module: C:/Program Files/Unity/Hub/Editor/2020.3.3f1/Editor/Data/PlaybackEngines/WebGLSupport/UnityEditor.WebGL.Extensions.dll
Register platform support module: C:/Program Files/Unity/Hub/Editor/2020.3.3f1/Editor/Data/PlaybackEngines/WindowsStandaloneSupport/UnityEditor.WindowsStandalone.Extensions.dll
Registered in 0.003618 seconds.
Native extension for WindowsStandalone target not found
Native extension for WebGL target not found
Refreshing native plugins compatible for Editor in 49.51 ms, found 1 plugins.
Preloading 0 native plugins for Editor in 0.00 ms.
Invoked RoslynAnalysisRunner static constructor.
RoslynAnalysisRunner will not be running.
RoslynAnalysisRunner has terminated.
Mono: successfully reloaded assembly
- Completed reload, in  3.830 seconds
Platform modules already initialized, skipping
Registering precompiled user dll's ...
Registered in 0.001322 seconds.
Begin MonoManager ReloadAssembly
Native extension for WindowsStandalone target not found
Native extension for WebGL target not found
Refreshing native plugins compatible for Editor in 51.73 ms, found 1 plugins.
Preloading 0 native plugins for Editor in 0.00 ms.
Invoked RoslynAnalysisRunner static constructor.
RoslynAnalysisRunner will not be running.
RoslynAnalysisRunner has terminated.
Mono: successfully reloaded assembly
- Completed reload, in  1.269 seconds
Platform modules already initialized, skipping
========================================================================
Worker process is ready to serve import requests
Launched and connected shader compiler UnityShaderCompiler.exe after 0.09 seconds
Refreshing native plugins compatible for Editor in 0.48 ms, found 1 plugins.
Preloading 0 native plugins for Editor in 0.00 ms.
Unloading 1820 Unused Serialized files (Serialized files now loaded: 0)
System memory in use before: 85.1 MB.
System memory in use after: 85.1 MB.

Unloading 19 unused Assets to reduce memory usage. Loaded Objects now: 2269.
Total: 2.280270 ms (FindLiveObjects: 0.175913 ms CreateObjectMapping: 0.068744 ms MarkObjects: 1.938350 ms  DeleteObjects: 0.096362 ms)

========================================================================
Received Import Request.
  path: Assets/Prefabs/Humster.prefab
  artifactKey: Guid(ad5a027dfc9ab144583814beeca3361a) Importer(815301076,1909f56bfc062723c751e8b465ee728b)
Start importing Assets/Prefabs/Humster.prefab using Guid(ad5a027dfc9ab144583814beeca3361a) Importer(815301076,1909f56bfc062723c751e8b465ee728b)  -> (artifact id: 'adb88798ccff49174b504603a7e60cdc') in 0.218964 seconds
  Import took 0.255634 seconds .

========================================================================
Received Import Request.
  Time since last request: 18.993520 seconds.
  path: Assets/Animation/HumsterRun.anim
  artifactKey: Guid(6fba736ccca11a24083930f6c2cfe1dd) Importer(815301076,1909f56bfc062723c751e8b465ee728b)
Start importing Assets/Animation/HumsterRun.anim using Guid(6fba736ccca11a24083930f6c2cfe1dd) Importer(815301076,1909f56bfc062723c751e8b465ee728b)  -> (artifact id: '02245aa87a5a0f6aa98dc622e99f12f0') in 0.007841 seconds
  Import took 0.022908 seconds .

========================================================================
Received Import Request.
  Time since last request: 38.520784 seconds.
  path: Assets/Animation/HumsterFall.anim
  artifactKey: Guid(afc0f67aac44de0498e42db202ae8430) Importer(815301076,1909f56bfc062723c751e8b465ee728b)
Start importing Assets/Animation/HumsterFall.anim using Guid(afc0f67aac44de0498e42db202ae8430) Importer(815301076,1909f56bfc062723c751e8b465ee728b)  -> (artifact id: 'd6549e9d7f6199c6d5065a012bf837e7') in 0.024617 seconds
  Import took 0.028262 seconds .

========================================================================
Received Prepare
Refreshing native plugins compatible for Editor in 4.28 ms, found 1 plugins.
Preloading 0 native plugins for Editor in 0.00 ms.
Unloading 5 Unused Serialized files (Serialized files now loaded: 0)
System memory in use before: 52.3 MB.
System memory in use after: 52.4 MB.

Unloading 5 unused Assets to reduce memory usage. Loaded Objects now: 2276.
Total: 33.785285 ms (FindLiveObjects: 0.322708 ms CreateObjectMapping: 0.092159 ms MarkObjects: 33.341599 ms  DeleteObjects: 0.026417 ms)

AssetImportWorkerClient::OnTransportError - code=2 error=End of file
